<?xml version="1.0" encoding="UTF-8"?>
<testsuite xmlns:xsi="http://www.w3.org/2001/XMLSchema-instance" xsi:noNamespaceSchemaLocation="https://maven.apache.org/surefire/maven-surefire-plugin/xsd/surefire-test-report.xsd" version="3.0.2" name="org.acme.GreetingResourceTest" time="9.11" tests="1" errors="0" skipped="0" failures="0">
  <properties>
[...]
</properties>
  <testcase name="testHelloEndpoint" classname="org.acme.GreetingResourceTest" time="1.501">
    <system-out><![CDATA[2025-04-03 08:26:53,922 WARN  [io.qua.config] (main) Unrecognized configuration key "quarkus.container-image.build" was provided; it will be ignored; verify that the dependency extension for this configuration is set or that you did not make a typo
2025-04-03 08:26:54,964 INFO  [io.quarkus] (main) docker-server 1.0.0-SNAPSHOT on JVM (powered by Quarkus 3.21.0) started in 6.794s. Listening on: http://localhost:8081
2025-04-03 08:26:54,964 INFO  [io.quarkus] (main) Profile test activated. 
2025-04-03 08:26:54,964 INFO  [io.quarkus] (main) Installed features: [cdi, docker-client, picocli, rest, smallrye-context-propagation, vertx]
]]></system-out>
  </testcase>
</testsuite>